<?xml version="1.0" encoding="UTF-8"?>
<!-- Generated by org.testng.reporters.JUnitReportReporter -->
<testsuite hostname="akilan-18633-GF" failures="0" tests="1" name="TestRunnerTest.TestRunner" time="2.901" errors="0" timestamp="2024-04-24T13:56:21 IST" skipped="0">
  <testcase classname="TestRunnerTest.TestRunner" name="runScenario" time="2.901"/>
</testsuite> <!-- TestRunnerTest.TestRunner -->
